févr. 04 02:58:30 fedora-desktop systemd[2716]: voice-keyboard.service: Scheduled restart job, restart counter is at 165.
févr. 04 02:58:30 fedora-desktop systemd[2716]: Started voice-keyboard.service - Voice Keyboard - Speech to Text Input.
févr. 04 02:58:30 fedora-desktop sudo[291921]: andycinquin : PWD=/home/andycinquin ; USER=root ; ENV=XDG_RUNTIME_DIR=/run/user/1000 PULSE_SERVER=unix:/run/user/1000/pulse/native DEEPGRAM_API_KEY=511d5f13c70f1d21cd2a8be6b8ed49fc943c54c8 RUST_LOG=info ; COMMAND=/home/andycinquin/.local/bin/voice-keyboard --language multi --model nova-3-general
févr. 04 02:58:31 fedora-desktop systemd[2716]: voice-keyboard.service: Main process exited, code=exited, status=1/FAILURE
févr. 04 02:58:31 fedora-desktop systemd[2716]: voice-keyboard.service: Failed with result 'exit-code'.
févr. 04 02:58:41 fedora-desktop systemd[2716]: voice-keyboard.service: Scheduled restart job, restart counter is at 166.
févr. 04 02:58:41 fedora-desktop systemd[2716]: Started voice-keyboard.service - Voice Keyboard - Speech to Text Input.
févr. 04 02:58:41 fedora-desktop sudo[292374]: andycinquin : PWD=/home/andycinquin ; USER=root ; ENV=XDG_RUNTIME_DIR=/run/user/1000 PULSE_SERVER=unix:/run/user/1000/pulse/native DEEPGRAM_API_KEY=511d5f13c70f1d21cd2a8be6b8ed49fc943c54c8 RUST_LOG=info ; COMMAND=/home/andycinquin/.local/bin/voice-keyboard --language multi --model nova-3-general
févr. 04 02:58:42 fedora-desktop systemd[2716]: voice-keyboard.service: Main process exited, code=exited, status=1/FAILURE
févr. 04 02:58:42 fedora-desktop systemd[2716]: voice-keyboard.service: Failed with result 'exit-code'.
févr. 04 02:58:53 fedora-desktop systemd[2716]: voice-keyboard.service: Scheduled restart job, restart counter is at 167.
févr. 04 02:58:53 fedora-desktop systemd[2716]: Started voice-keyboard.service - Voice Keyboard - Speech to Text Input.
févr. 04 02:58:53 fedora-desktop sudo[292775]: andycinquin : PWD=/home/andycinquin ; USER=root ; ENV=XDG_RUNTIME_DIR=/run/user/1000 PULSE_SERVER=unix:/run/user/1000/pulse/native DEEPGRAM_API_KEY=511d5f13c70f1d21cd2a8be6b8ed49fc943c54c8 RUST_LOG=info ; COMMAND=/home/andycinquin/.local/bin/voice-keyboard --language multi --model nova-3-general
févr. 04 02:58:54 fedora-desktop systemd[2716]: voice-keyboard.service: Main process exited, code=exited, status=1/FAILURE
févr. 04 02:58:54 fedora-desktop systemd[2716]: voice-keyboard.service: Failed with result 'exit-code'.
févr. 04 02:59:04 fedora-desktop systemd[2716]: voice-keyboard.service: Scheduled restart job, restart counter is at 168.
févr. 04 02:59:04 fedora-desktop systemd[2716]: Started voice-keyboard.service - Voice Keyboard - Speech to Text Input.
févr. 04 02:59:04 fedora-desktop sudo[293217]: andycinquin : PWD=/home/andycinquin ; USER=root ; ENV=XDG_RUNTIME_DIR=/run/user/1000 PULSE_SERVER=unix:/run/user/1000/pulse/native DEEPGRAM_API_KEY=511d5f13c70f1d21cd2a8be6b8ed49fc943c54c8 RUST_LOG=info ; COMMAND=/home/andycinquin/.local/bin/voice-keyboard --language multi --model nova-3-general
févr. 04 02:59:05 fedora-desktop systemd[2716]: voice-keyboard.service: Main process exited, code=exited, status=1/FAILURE
févr. 04 02:59:05 fedora-desktop systemd[2716]: voice-keyboard.service: Failed with result 'exit-code'.
févr. 04 02:59:15 fedora-desktop systemd[2716]: voice-keyboard.service: Scheduled restart job, restart counter is at 169.
févr. 04 02:59:15 fedora-desktop systemd[2716]: Started voice-keyboard.service - Voice Keyboard - Speech to Text Input.
févr. 04 02:59:15 fedora-desktop sudo[293688]: andycinquin : PWD=/home/andycinquin ; USER=root ; ENV=XDG_RUNTIME_DIR=/run/user/1000 PULSE_SERVER=unix:/run/user/1000/pulse/native DEEPGRAM_API_KEY=511d5f13c70f1d21cd2a8be6b8ed49fc943c54c8 RUST_LOG=info ; COMMAND=/home/andycinquin/.local/bin/voice-keyboard --language multi --model nova-3-general
févr. 04 02:59:16 fedora-desktop systemd[2716]: voice-keyboard.service: Main process exited, code=exited, status=1/FAILURE
févr. 04 02:59:16 fedora-desktop systemd[2716]: voice-keyboard.service: Failed with result 'exit-code'.
févr. 04 02:59:26 fedora-desktop systemd[2716]: voice-keyboard.service: Scheduled restart job, restart counter is at 170.
févr. 04 02:59:26 fedora-desktop systemd[2716]: Started voice-keyboard.service - Voice Keyboard - Speech to Text Input.
févr. 04 02:59:26 fedora-desktop sudo[294059]: andycinquin : PWD=/home/andycinquin ; USER=root ; ENV=XDG_RUNTIME_DIR=/run/user/1000 PULSE_SERVER=unix:/run/user/1000/pulse/native DEEPGRAM_API_KEY=511d5f13c70f1d21cd2a8be6b8ed49fc943c54c8 RUST_LOG=info ; COMMAND=/home/andycinquin/.local/bin/voice-keyboard --language multi --model nova-3-general
févr. 04 02:59:27 fedora-desktop systemd[2716]: voice-keyboard.service: Main process exited, code=exited, status=1/FAILURE
févr. 04 02:59:27 fedora-desktop systemd[2716]: voice-keyboard.service: Failed with result 'exit-code'.
févr. 04 02:59:37 fedora-desktop systemd[2716]: voice-keyboard.service: Scheduled restart job, restart counter is at 171.
févr. 04 02:59:37 fedora-desktop systemd[2716]: Started voice-keyboard.service - Voice Keyboard - Speech to Text Input.
févr. 04 02:59:37 fedora-desktop sudo[294497]: andycinquin : PWD=/home/andycinquin ; USER=root ; ENV=XDG_RUNTIME_DIR=/run/user/1000 PULSE_SERVER=unix:/run/user/1000/pulse/native DEEPGRAM_API_KEY=511d5f13c70f1d21cd2a8be6b8ed49fc943c54c8 RUST_LOG=info ; COMMAND=/home/andycinquin/.local/bin/voice-keyboard --language multi --model nova-3-general
févr. 04 02:59:38 fedora-desktop systemd[2716]: voice-keyboard.service: Main process exited, code=exited, status=1/FAILURE
févr. 04 02:59:38 fedora-desktop systemd[2716]: voice-keyboard.service: Failed with result 'exit-code'.
févr. 04 02:59:49 fedora-desktop systemd[2716]: voice-keyboard.service: Scheduled restart job, restart counter is at 172.
févr. 04 02:59:49 fedora-desktop systemd[2716]: Started voice-keyboard.service - Voice Keyboard - Speech to Text Input.
févr. 04 02:59:49 fedora-desktop sudo[294919]: andycinquin : PWD=/home/andycinquin ; USER=root ; ENV=XDG_RUNTIME_DIR=/run/user/1000 PULSE_SERVER=unix:/run/user/1000/pulse/native DEEPGRAM_API_KEY=511d5f13c70f1d21cd2a8be6b8ed49fc943c54c8 RUST_LOG=info ; COMMAND=/home/andycinquin/.local/bin/voice-keyboard --language multi --model nova-3-general
févr. 04 02:59:49 fedora-desktop systemd[2716]: voice-keyboard.service: Main process exited, code=exited, status=1/FAILURE
févr. 04 02:59:49 fedora-desktop systemd[2716]: voice-keyboard.service: Failed with result 'exit-code'.
févr. 04 03:00:00 fedora-desktop systemd[2716]: voice-keyboard.service: Scheduled restart job, restart counter is at 173.
févr. 04 03:00:00 fedora-desktop systemd[2716]: Started voice-keyboard.service - Voice Keyboard - Speech to Text Input.
févr. 04 03:00:00 fedora-desktop sudo[295289]: andycinquin : PWD=/home/andycinquin ; USER=root ; ENV=XDG_RUNTIME_DIR=/run/user/1000 PULSE_SERVER=unix:/run/user/1000/pulse/native DEEPGRAM_API_KEY=511d5f13c70f1d21cd2a8be6b8ed49fc943c54c8 RUST_LOG=info ; COMMAND=/home/andycinquin/.local/bin/voice-keyboard --language multi --model nova-3-general
févr. 04 03:00:01 fedora-desktop systemd[2716]: voice-keyboard.service: Main process exited, code=exited, status=1/FAILURE
févr. 04 03:00:01 fedora-desktop systemd[2716]: voice-keyboard.service: Failed with result 'exit-code'.
févr. 04 03:00:11 fedora-desktop systemd[2716]: voice-keyboard.service: Scheduled restart job, restart counter is at 174.
févr. 04 03:00:11 fedora-desktop systemd[2716]: Started voice-keyboard.service - Voice Keyboard - Speech to Text Input.
févr. 04 03:00:11 fedora-desktop sudo[295800]: andycinquin : PWD=/home/andycinquin ; USER=root ; ENV=XDG_RUNTIME_DIR=/run/user/1000 PULSE_SERVER=unix:/run/user/1000/pulse/native DEEPGRAM_API_KEY=511d5f13c70f1d21cd2a8be6b8ed49fc943c54c8 RUST_LOG=info ; COMMAND=/home/andycinquin/.local/bin/voice-keyboard --language multi --model nova-3-general
févr. 04 03:00:12 fedora-desktop systemd[2716]: voice-keyboard.service: Main process exited, code=exited, status=1/FAILURE
févr. 04 03:00:12 fedora-desktop systemd[2716]: voice-keyboard.service: Failed with result 'exit-code'.
févr. 04 03:00:22 fedora-desktop systemd[2716]: voice-keyboard.service: Scheduled restart job, restart counter is at 175.
févr. 04 03:00:22 fedora-desktop systemd[2716]: Started voice-keyboard.service - Voice Keyboard - Speech to Text Input.
févr. 04 03:00:22 fedora-desktop sudo[296231]: andycinquin : PWD=/home/andycinquin ; USER=root ; ENV=XDG_RUNTIME_DIR=/run/user/1000 PULSE_SERVER=unix:/run/user/1000/pulse/native DEEPGRAM_API_KEY=511d5f13c70f1d21cd2a8be6b8ed49fc943c54c8 RUST_LOG=info ; COMMAND=/home/andycinquin/.local/bin/voice-keyboard --language multi --model nova-3-general
févr. 04 03:00:23 fedora-desktop systemd[2716]: voice-keyboard.service: Main process exited, code=exited, status=1/FAILURE
févr. 04 03:00:23 fedora-desktop systemd[2716]: voice-keyboard.service: Failed with result 'exit-code'.
févr. 04 03:00:33 fedora-desktop systemd[2716]: voice-keyboard.service: Scheduled restart job, restart counter is at 176.
févr. 04 03:00:33 fedora-desktop systemd[2716]: Started voice-keyboard.service - Voice Keyboard - Speech to Text Input.
févr. 04 03:00:33 fedora-desktop sudo[296704]: andycinquin : PWD=/home/andycinquin ; USER=root ; ENV=XDG_RUNTIME_DIR=/run/user/1000 PULSE_SERVER=unix:/run/user/1000/pulse/native DEEPGRAM_API_KEY=511d5f13c70f1d21cd2a8be6b8ed49fc943c54c8 RUST_LOG=info ; COMMAND=/home/andycinquin/.local/bin/voice-keyboard --language multi --model nova-3-general
févr. 04 03:00:34 fedora-desktop systemd[2716]: voice-keyboard.service: Main process exited, code=exited, status=1/FAILURE
févr. 04 03:00:34 fedora-desktop systemd[2716]: voice-keyboard.service: Failed with result 'exit-code'.
févr. 04 03:00:44 fedora-desktop systemd[2716]: voice-keyboard.service: Scheduled restart job, restart counter is at 177.
févr. 04 03:00:44 fedora-desktop systemd[2716]: Started voice-keyboard.service - Voice Keyboard - Speech to Text Input.
févr. 04 03:00:44 fedora-desktop sudo[298503]: andycinquin : PWD=/home/andycinquin ; USER=root ; ENV=XDG_RUNTIME_DIR=/run/user/1000 PULSE_SERVER=unix:/run/user/1000/pulse/native DEEPGRAM_API_KEY=511d5f13c70f1d21cd2a8be6b8ed49fc943c54c8 RUST_LOG=info ; COMMAND=/home/andycinquin/.local/bin/voice-keyboard --language multi --model nova-3-general
févr. 04 03:00:46 fedora-desktop systemd[2716]: voice-keyboard.service: Main process exited, code=exited, status=1/FAILURE
févr. 04 03:00:46 fedora-desktop systemd[2716]: voice-keyboard.service: Failed with result 'exit-code'.
févr. 04 03:00:56 fedora-desktop systemd[2716]: voice-keyboard.service: Scheduled restart job, restart counter is at 178.
févr. 04 03:00:56 fedora-desktop systemd[2716]: Started voice-keyboard.service - Voice Keyboard - Speech to Text Input.
févr. 04 03:00:56 fedora-desktop sudo[299527]: andycinquin : PWD=/home/andycinquin ; USER=root ; ENV=XDG_RUNTIME_DIR=/run/user/1000 PULSE_SERVER=unix:/run/user/1000/pulse/native DEEPGRAM_API_KEY=511d5f13c70f1d21cd2a8be6b8ed49fc943c54c8 RUST_LOG=info ; COMMAND=/home/andycinquin/.local/bin/voice-keyboard --language multi --model nova-3-general
févr. 04 03:00:57 fedora-desktop systemd[2716]: voice-keyboard.service: Main process exited, code=exited, status=1/FAILURE
févr. 04 03:00:57 fedora-desktop systemd[2716]: voice-keyboard.service: Failed with result 'exit-code'.
févr. 04 03:01:08 fedora-desktop systemd[2716]: voice-keyboard.service: Scheduled restart job, restart counter is at 179.
févr. 04 03:01:08 fedora-desktop systemd[2716]: Started voice-keyboard.service - Voice Keyboard - Speech to Text Input.
févr. 04 03:01:08 fedora-desktop sudo[299920]: andycinquin : PWD=/home/andycinquin ; USER=root ; ENV=XDG_RUNTIME_DIR=/run/user/1000 PULSE_SERVER=unix:/run/user/1000/pulse/native DEEPGRAM_API_KEY=511d5f13c70f1d21cd2a8be6b8ed49fc943c54c8 RUST_LOG=info ; COMMAND=/home/andycinquin/.local/bin/voice-keyboard --language multi --model nova-3-general
févr. 04 03:01:09 fedora-desktop systemd[2716]: voice-keyboard.service: Main process exited, code=exited, status=1/FAILURE
févr. 04 03:01:09 fedora-desktop systemd[2716]: voice-keyboard.service: Failed with result 'exit-code'.
févr. 04 03:01:19 fedora-desktop systemd[2716]: voice-keyboard.service: Scheduled restart job, restart counter is at 180.
févr. 04 03:01:19 fedora-desktop systemd[2716]: Started voice-keyboard.service - Voice Keyboard - Speech to Text Input.
févr. 04 03:01:19 fedora-desktop sudo[300333]: andycinquin : PWD=/home/andycinquin ; USER=root ; ENV=XDG_RUNTIME_DIR=/run/user/1000 PULSE_SERVER=unix:/run/user/1000/pulse/native DEEPGRAM_API_KEY=511d5f13c70f1d21cd2a8be6b8ed49fc943c54c8 RUST_LOG=info ; COMMAND=/home/andycinquin/.local/bin/voice-keyboard --language multi --model nova-3-general
févr. 04 03:01:20 fedora-desktop systemd[2716]: voice-keyboard.service: Main process exited, code=exited, status=1/FAILURE
févr. 04 03:01:20 fedora-desktop systemd[2716]: voice-keyboard.service: Failed with result 'exit-code'.
févr. 04 03:01:26 fedora-desktop systemd[2716]: Stopped voice-keyboard.service - Voice Keyboard - Speech to Text Input.
févr. 04 03:01:26 fedora-desktop systemd[2716]: Started voice-keyboard.service - Voice Keyboard - Speech to Text Input.
févr. 04 03:01:26 fedora-desktop sudo[300685]: andycinquin : PWD=/home/andycinquin ; USER=root ; ENV=XDG_RUNTIME_DIR=/run/user/1000 PULSE_SERVER=unix:/run/user/1000/pulse/native DEEPGRAM_API_KEY=511d5f13c70f1d21cd2a8be6b8ed49fc943c54c8 RUST_LOG=info ; COMMAND=/home/andycinquin/.local/bin/voice-keyboard --language multi --model nova-3-general
févr. 04 03:01:26 fedora-desktop systemd[2716]: voice-keyboard.service: Main process exited, code=exited, status=1/FAILURE
févr. 04 03:01:26 fedora-desktop systemd[2716]: voice-keyboard.service: Failed with result 'exit-code'.
févr. 04 03:01:37 fedora-desktop systemd[2716]: voice-keyboard.service: Scheduled restart job, restart counter is at 1.
févr. 04 03:01:37 fedora-desktop systemd[2716]: Started voice-keyboard.service - Voice Keyboard - Speech to Text Input.
févr. 04 03:01:37 fedora-desktop sudo[301080]: andycinquin : PWD=/home/andycinquin ; USER=root ; ENV=XDG_RUNTIME_DIR=/run/user/1000 PULSE_SERVER=unix:/run/user/1000/pulse/native DEEPGRAM_API_KEY=511d5f13c70f1d21cd2a8be6b8ed49fc943c54c8 RUST_LOG=info ; COMMAND=/home/andycinquin/.local/bin/voice-keyboard --language multi --model nova-3-general
févr. 04 03:01:38 fedora-desktop systemd[2716]: voice-keyboard.service: Main process exited, code=exited, status=1/FAILURE
févr. 04 03:01:38 fedora-desktop systemd[2716]: voice-keyboard.service: Failed with result 'exit-code'.
févr. 04 03:01:48 fedora-desktop systemd[2716]: voice-keyboard.service: Scheduled restart job, restart counter is at 2.
févr. 04 03:01:48 fedora-desktop systemd[2716]: Started voice-keyboard.service - Voice Keyboard - Speech to Text Input.
févr. 04 03:01:48 fedora-desktop sudo[301451]: andycinquin : PWD=/home/andycinquin ; USER=root ; ENV=XDG_RUNTIME_DIR=/run/user/1000 PULSE_SERVER=unix:/run/user/1000/pulse/native DEEPGRAM_API_KEY=511d5f13c70f1d21cd2a8be6b8ed49fc943c54c8 RUST_LOG=info ; COMMAND=/home/andycinquin/.local/bin/voice-keyboard --language multi --model nova-3-general
févr. 04 03:01:49 fedora-desktop systemd[2716]: voice-keyboard.service: Main process exited, code=exited, status=1/FAILURE
févr. 04 03:01:49 fedora-desktop systemd[2716]: voice-keyboard.service: Failed with result 'exit-code'.
févr. 04 03:01:59 fedora-desktop systemd[2716]: voice-keyboard.service: Scheduled restart job, restart counter is at 3.
févr. 04 03:01:59 fedora-desktop systemd[2716]: Started voice-keyboard.service - Voice Keyboard - Speech to Text Input.
févr. 04 03:01:59 fedora-desktop sudo[301887]: andycinquin : PWD=/home/andycinquin ; USER=root ; ENV=XDG_RUNTIME_DIR=/run/user/1000 PULSE_SERVER=unix:/run/user/1000/pulse/native DEEPGRAM_API_KEY=511d5f13c70f1d21cd2a8be6b8ed49fc943c54c8 RUST_LOG=info ; COMMAND=/home/andycinquin/.local/bin/voice-keyboard --language multi --model nova-3-general
févr. 04 03:02:00 fedora-desktop systemd[2716]: voice-keyboard.service: Main process exited, code=exited, status=1/FAILURE
févr. 04 03:02:00 fedora-desktop systemd[2716]: voice-keyboard.service: Failed with result 'exit-code'.
févr. 04 03:02:10 fedora-desktop systemd[2716]: voice-keyboard.service: Scheduled restart job, restart counter is at 4.
févr. 04 03:02:10 fedora-desktop systemd[2716]: Started voice-keyboard.service - Voice Keyboard - Speech to Text Input.
févr. 04 03:02:10 fedora-desktop sudo[302278]: andycinquin : PWD=/home/andycinquin ; USER=root ; ENV=XDG_RUNTIME_DIR=/run/user/1000 PULSE_SERVER=unix:/run/user/1000/pulse/native DEEPGRAM_API_KEY=511d5f13c70f1d21cd2a8be6b8ed49fc943c54c8 RUST_LOG=info ; COMMAND=/home/andycinquin/.local/bin/voice-keyboard --language multi --model nova-3-general
févr. 04 03:02:11 fedora-desktop systemd[2716]: voice-keyboard.service: Main process exited, code=exited, status=1/FAILURE
févr. 04 03:02:11 fedora-desktop systemd[2716]: voice-keyboard.service: Failed with result 'exit-code'.
févr. 04 03:02:22 fedora-desktop systemd[2716]: voice-keyboard.service: Scheduled restart job, restart counter is at 5.
févr. 04 03:02:22 fedora-desktop systemd[2716]: Started voice-keyboard.service - Voice Keyboard - Speech to Text Input.
févr. 04 03:02:22 fedora-desktop sudo[302772]: andycinquin : PWD=/home/andycinquin ; USER=root ; ENV=XDG_RUNTIME_DIR=/run/user/1000 PULSE_SERVER=unix:/run/user/1000/pulse/native DEEPGRAM_API_KEY=511d5f13c70f1d21cd2a8be6b8ed49fc943c54c8 RUST_LOG=info ; COMMAND=/home/andycinquin/.local/bin/voice-keyboard --language multi --model nova-3-general
févr. 04 03:02:22 fedora-desktop systemd[2716]: voice-keyboard.service: Main process exited, code=exited, status=1/FAILURE
févr. 04 03:02:22 fedora-desktop systemd[2716]: voice-keyboard.service: Failed with result 'exit-code'.
févr. 04 03:02:33 fedora-desktop systemd[2716]: voice-keyboard.service: Scheduled restart job, restart counter is at 6.
févr. 04 03:02:33 fedora-desktop systemd[2716]: Started voice-keyboard.service - Voice Keyboard - Speech to Text Input.
févr. 04 03:02:33 fedora-desktop sudo[303231]: andycinquin : PWD=/home/andycinquin ; USER=root ; ENV=XDG_RUNTIME_DIR=/run/user/1000 PULSE_SERVER=unix:/run/user/1000/pulse/native DEEPGRAM_API_KEY=511d5f13c70f1d21cd2a8be6b8ed49fc943c54c8 RUST_LOG=info ; COMMAND=/home/andycinquin/.local/bin/voice-keyboard --language multi --model nova-3-general
févr. 04 03:02:33 fedora-desktop systemd[2716]: voice-keyboard.service: Main process exited, code=exited, status=1/FAILURE
févr. 04 03:02:33 fedora-desktop systemd[2716]: voice-keyboard.service: Failed with result 'exit-code'.
févr. 04 03:02:43 fedora-desktop systemd[2716]: voice-keyboard.service: Scheduled restart job, restart counter is at 7.
févr. 04 03:02:43 fedora-desktop systemd[2716]: Started voice-keyboard.service - Voice Keyboard - Speech to Text Input.
févr. 04 03:02:43 fedora-desktop sudo[303606]: andycinquin : PWD=/home/andycinquin ; USER=root ; ENV=XDG_RUNTIME_DIR=/run/user/1000 PULSE_SERVER=unix:/run/user/1000/pulse/native DEEPGRAM_API_KEY=511d5f13c70f1d21cd2a8be6b8ed49fc943c54c8 RUST_LOG=info ; COMMAND=/home/andycinquin/.local/bin/voice-keyboard --language multi --model nova-3-general
févr. 04 03:02:44 fedora-desktop systemd[2716]: voice-keyboard.service: Main process exited, code=exited, status=1/FAILURE
févr. 04 03:02:44 fedora-desktop systemd[2716]: voice-keyboard.service: Failed with result 'exit-code'.
févr. 04 03:02:54 fedora-desktop systemd[2716]: voice-keyboard.service: Scheduled restart job, restart counter is at 8.
févr. 04 03:02:54 fedora-desktop systemd[2716]: Started voice-keyboard.service - Voice Keyboard - Speech to Text Input.
févr. 04 03:02:54 fedora-desktop sudo[304071]: andycinquin : PWD=/home/andycinquin ; USER=root ; ENV=XDG_RUNTIME_DIR=/run/user/1000 PULSE_SERVER=unix:/run/user/1000/pulse/native DEEPGRAM_API_KEY=511d5f13c70f1d21cd2a8be6b8ed49fc943c54c8 RUST_LOG=info ; COMMAND=/home/andycinquin/.local/bin/voice-keyboard --language multi --model nova-3-general
févr. 04 03:02:55 fedora-desktop systemd[2716]: voice-keyboard.service: Main process exited, code=exited, status=1/FAILURE
févr. 04 03:02:55 fedora-desktop systemd[2716]: voice-keyboard.service: Failed with result 'exit-code'.
févr. 04 03:03:05 fedora-desktop systemd[2716]: voice-keyboard.service: Scheduled restart job, restart counter is at 9.
févr. 04 03:03:05 fedora-desktop systemd[2716]: Started voice-keyboard.service - Voice Keyboard - Speech to Text Input.
févr. 04 03:03:05 fedora-desktop sudo[304515]: andycinquin : PWD=/home/andycinquin ; USER=root ; ENV=XDG_RUNTIME_DIR=/run/user/1000 PULSE_SERVER=unix:/run/user/1000/pulse/native DEEPGRAM_API_KEY=511d5f13c70f1d21cd2a8be6b8ed49fc943c54c8 RUST_LOG=info ; COMMAND=/home/andycinquin/.local/bin/voice-keyboard --language multi --model nova-3-general
févr. 04 03:03:06 fedora-desktop systemd[2716]: voice-keyboard.service: Main process exited, code=exited, status=1/FAILURE
févr. 04 03:03:06 fedora-desktop systemd[2716]: voice-keyboard.service: Failed with result 'exit-code'.
févr. 04 03:03:16 fedora-desktop systemd[2716]: voice-keyboard.service: Scheduled restart job, restart counter is at 10.
févr. 04 03:03:16 fedora-desktop systemd[2716]: Started voice-keyboard.service - Voice Keyboard - Speech to Text Input.
févr. 04 03:03:16 fedora-desktop sudo[304875]: andycinquin : PWD=/home/andycinquin ; USER=root ; ENV=XDG_RUNTIME_DIR=/run/user/1000 PULSE_SERVER=unix:/run/user/1000/pulse/native DEEPGRAM_API_KEY=511d5f13c70f1d21cd2a8be6b8ed49fc943c54c8 RUST_LOG=info ; COMMAND=/home/andycinquin/.local/bin/voice-keyboard --language multi --model nova-3-general
févr. 04 03:03:17 fedora-desktop systemd[2716]: voice-keyboard.service: Main process exited, code=exited, status=1/FAILURE
févr. 04 03:03:17 fedora-desktop systemd[2716]: voice-keyboard.service: Failed with result 'exit-code'.
févr. 04 03:03:27 fedora-desktop systemd[2716]: voice-keyboard.service: Scheduled restart job, restart counter is at 11.
févr. 04 03:03:27 fedora-desktop systemd[2716]: Started voice-keyboard.service - Voice Keyboard - Speech to Text Input.
févr. 04 03:03:27 fedora-desktop sudo[305215]: andycinquin : PWD=/home/andycinquin ; USER=root ; ENV=XDG_RUNTIME_DIR=/run/user/1000 PULSE_SERVER=unix:/run/user/1000/pulse/native DEEPGRAM_API_KEY=511d5f13c70f1d21cd2a8be6b8ed49fc943c54c8 RUST_LOG=info ; COMMAND=/home/andycinquin/.local/bin/voice-keyboard --language multi --model nova-3-general
févr. 04 03:03:28 fedora-desktop systemd[2716]: voice-keyboard.service: Main process exited, code=exited, status=1/FAILURE
févr. 04 03:03:28 fedora-desktop systemd[2716]: voice-keyboard.service: Failed with result 'exit-code'.
févr. 04 03:03:38 fedora-desktop systemd[2716]: voice-keyboard.service: Scheduled restart job, restart counter is at 12.
févr. 04 03:03:38 fedora-desktop systemd[2716]: Started voice-keyboard.service - Voice Keyboard - Speech to Text Input.
févr. 04 03:03:38 fedora-desktop sudo[305672]: andycinquin : PWD=/home/andycinquin ; USER=root ; ENV=XDG_RUNTIME_DIR=/run/user/1000 PULSE_SERVER=unix:/run/user/1000/pulse/native DEEPGRAM_API_KEY=511d5f13c70f1d21cd2a8be6b8ed49fc943c54c8 RUST_LOG=info ; COMMAND=/home/andycinquin/.local/bin/voice-keyboard --language multi --model nova-3-general
févr. 04 03:03:39 fedora-desktop systemd[2716]: voice-keyboard.service: Main process exited, code=exited, status=1/FAILURE
févr. 04 03:03:39 fedora-desktop systemd[2716]: voice-keyboard.service: Failed with result 'exit-code'.
févr. 04 03:03:49 fedora-desktop systemd[2716]: voice-keyboard.service: Scheduled restart job, restart counter is at 13.
févr. 04 03:03:49 fedora-desktop systemd[2716]: Started voice-keyboard.service - Voice Keyboard - Speech to Text Input.
févr. 04 03:03:49 fedora-desktop sudo[306016]: andycinquin : PWD=/home/andycinquin ; USER=root ; ENV=XDG_RUNTIME_DIR=/run/user/1000 PULSE_SERVER=unix:/run/user/1000/pulse/native DEEPGRAM_API_KEY=511d5f13c70f1d21cd2a8be6b8ed49fc943c54c8 RUST_LOG=info ; COMMAND=/home/andycinquin/.local/bin/voice-keyboard --language multi --model nova-3-general
févr. 04 03:03:50 fedora-desktop systemd[2716]: voice-keyboard.service: Main process exited, code=exited, status=1/FAILURE
févr. 04 03:03:50 fedora-desktop systemd[2716]: voice-keyboard.service: Failed with result 'exit-code'.
févr. 04 03:03:53 fedora-desktop systemd[2716]: Stopped voice-keyboard.service - Voice Keyboard - Speech to Text Input.
févr. 04 03:03:53 fedora-desktop systemd[2716]: Started voice-keyboard.service - Voice Keyboard - Speech to Text Input.
févr. 04 03:03:53 fedora-desktop sudo[306196]: andycinquin : PWD=/home/andycinquin ; USER=root ; ENV=XDG_RUNTIME_DIR=/run/user/1000 PULSE_SERVER=unix:/run/user/1000/pulse/native DEEPGRAM_API_KEY=511d5f13c70f1d21cd2a8be6b8ed49fc943c54c8 RUST_LOG=info ; COMMAND=/home/andycinquin/.local/bin/voice-keyboard --language multi --model nova-2
févr. 04 03:03:53 fedora-desktop systemd[2716]: voice-keyboard.service: Main process exited, code=exited, status=1/FAILURE
févr. 04 03:03:53 fedora-desktop systemd[2716]: voice-keyboard.service: Failed with result 'exit-code'.
févr. 04 03:04:03 fedora-desktop systemd[2716]: voice-keyboard.service: Scheduled restart job, restart counter is at 1.
févr. 04 03:04:03 fedora-desktop systemd[2716]: Started voice-keyboard.service - Voice Keyboard - Speech to Text Input.
févr. 04 03:04:03 fedora-desktop sudo[306683]: andycinquin : PWD=/home/andycinquin ; USER=root ; ENV=XDG_RUNTIME_DIR=/run/user/1000 PULSE_SERVER=unix:/run/user/1000/pulse/native DEEPGRAM_API_KEY=511d5f13c70f1d21cd2a8be6b8ed49fc943c54c8 RUST_LOG=info ; COMMAND=/home/andycinquin/.local/bin/voice-keyboard --language multi --model nova-2
févr. 04 03:04:04 fedora-desktop systemd[2716]: voice-keyboard.service: Main process exited, code=exited, status=1/FAILURE
févr. 04 03:04:04 fedora-desktop systemd[2716]: voice-keyboard.service: Failed with result 'exit-code'.
févr. 04 03:04:14 fedora-desktop systemd[2716]: voice-keyboard.service: Scheduled restart job, restart counter is at 2.
févr. 04 03:04:14 fedora-desktop systemd[2716]: Started voice-keyboard.service - Voice Keyboard - Speech to Text Input.
févr. 04 03:04:14 fedora-desktop sudo[307082]: andycinquin : PWD=/home/andycinquin ; USER=root ; ENV=XDG_RUNTIME_DIR=/run/user/1000 PULSE_SERVER=unix:/run/user/1000/pulse/native DEEPGRAM_API_KEY=511d5f13c70f1d21cd2a8be6b8ed49fc943c54c8 RUST_LOG=info ; COMMAND=/home/andycinquin/.local/bin/voice-keyboard --language multi --model nova-2
févr. 04 03:04:15 fedora-desktop systemd[2716]: voice-keyboard.service: Main process exited, code=exited, status=1/FAILURE
févr. 04 03:04:15 fedora-desktop systemd[2716]: voice-keyboard.service: Failed with result 'exit-code'.
févr. 04 03:04:25 fedora-desktop systemd[2716]: voice-keyboard.service: Scheduled restart job, restart counter is at 3.
févr. 04 03:04:25 fedora-desktop systemd[2716]: Started voice-keyboard.service - Voice Keyboard - Speech to Text Input.
févr. 04 03:04:25 fedora-desktop sudo[307510]: andycinquin : PWD=/home/andycinquin ; USER=root ; ENV=XDG_RUNTIME_DIR=/run/user/1000 PULSE_SERVER=unix:/run/user/1000/pulse/native DEEPGRAM_API_KEY=511d5f13c70f1d21cd2a8be6b8ed49fc943c54c8 RUST_LOG=info ; COMMAND=/home/andycinquin/.local/bin/voice-keyboard --language multi --model nova-2
févr. 04 03:04:26 fedora-desktop systemd[2716]: voice-keyboard.service: Main process exited, code=exited, status=1/FAILURE
févr. 04 03:04:26 fedora-desktop systemd[2716]: voice-keyboard.service: Failed with result 'exit-code'.
févr. 04 03:04:36 fedora-desktop systemd[2716]: voice-keyboard.service: Scheduled restart job, restart counter is at 4.
févr. 04 03:04:36 fedora-desktop systemd[2716]: Started voice-keyboard.service - Voice Keyboard - Speech to Text Input.
févr. 04 03:04:36 fedora-desktop sudo[307907]: andycinquin : PWD=/home/andycinquin ; USER=root ; ENV=XDG_RUNTIME_DIR=/run/user/1000 PULSE_SERVER=unix:/run/user/1000/pulse/native DEEPGRAM_API_KEY=511d5f13c70f1d21cd2a8be6b8ed49fc943c54c8 RUST_LOG=info ; COMMAND=/home/andycinquin/.local/bin/voice-keyboard --language multi --model nova-2
févr. 04 03:04:37 fedora-desktop systemd[2716]: voice-keyboard.service: Main process exited, code=exited, status=1/FAILURE
févr. 04 03:04:37 fedora-desktop systemd[2716]: voice-keyboard.service: Failed with result 'exit-code'.
févr. 04 03:04:47 fedora-desktop systemd[2716]: voice-keyboard.service: Scheduled restart job, restart counter is at 5.
févr. 04 03:04:47 fedora-desktop systemd[2716]: Started voice-keyboard.service - Voice Keyboard - Speech to Text Input.
févr. 04 03:04:47 fedora-desktop sudo[308289]: andycinquin : PWD=/home/andycinquin ; USER=root ; ENV=XDG_RUNTIME_DIR=/run/user/1000 PULSE_SERVER=unix:/run/user/1000/pulse/native DEEPGRAM_API_KEY=511d5f13c70f1d21cd2a8be6b8ed49fc943c54c8 RUST_LOG=info ; COMMAND=/home/andycinquin/.local/bin/voice-keyboard --language multi --model nova-2
févr. 04 03:04:48 fedora-desktop systemd[2716]: voice-keyboard.service: Main process exited, code=exited, status=1/FAILURE
févr. 04 03:04:48 fedora-desktop systemd[2716]: voice-keyboard.service: Failed with result 'exit-code'.
févr. 04 03:04:58 fedora-desktop systemd[2716]: voice-keyboard.service: Scheduled restart job, restart counter is at 6.
févr. 04 03:04:58 fedora-desktop systemd[2716]: Started voice-keyboard.service - Voice Keyboard - Speech to Text Input.
févr. 04 03:04:58 fedora-desktop sudo[308705]: andycinquin : PWD=/home/andycinquin ; USER=root ; ENV=XDG_RUNTIME_DIR=/run/user/1000 PULSE_SERVER=unix:/run/user/1000/pulse/native DEEPGRAM_API_KEY=511d5f13c70f1d21cd2a8be6b8ed49fc943c54c8 RUST_LOG=info ; COMMAND=/home/andycinquin/.local/bin/voice-keyboard --language multi --model nova-2
févr. 04 03:04:59 fedora-desktop systemd[2716]: voice-keyboard.service: Main process exited, code=exited, status=1/FAILURE
févr. 04 03:04:59 fedora-desktop systemd[2716]: voice-keyboard.service: Failed with result 'exit-code'.
févr. 04 03:05:09 fedora-desktop systemd[2716]: voice-keyboard.service: Scheduled restart job, restart counter is at 7.
févr. 04 03:05:09 fedora-desktop systemd[2716]: Started voice-keyboard.service - Voice Keyboard - Speech to Text Input.
févr. 04 03:05:09 fedora-desktop sudo[309077]: andycinquin : PWD=/home/andycinquin ; USER=root ; ENV=XDG_RUNTIME_DIR=/run/user/1000 PULSE_SERVER=unix:/run/user/1000/pulse/native DEEPGRAM_API_KEY=511d5f13c70f1d21cd2a8be6b8ed49fc943c54c8 RUST_LOG=info ; COMMAND=/home/andycinquin/.local/bin/voice-keyboard --language multi --model nova-2
févr. 04 03:05:10 fedora-desktop systemd[2716]: voice-keyboard.service: Main process exited, code=exited, status=1/FAILURE
févr. 04 03:05:10 fedora-desktop systemd[2716]: voice-keyboard.service: Failed with result 'exit-code'.
févr. 04 03:05:20 fedora-desktop systemd[2716]: voice-keyboard.service: Scheduled restart job, restart counter is at 8.
févr. 04 03:05:20 fedora-desktop systemd[2716]: Started voice-keyboard.service - Voice Keyboard - Speech to Text Input.
févr. 04 03:05:20 fedora-desktop sudo[309418]: andycinquin : PWD=/home/andycinquin ; USER=root ; ENV=XDG_RUNTIME_DIR=/run/user/1000 PULSE_SERVER=unix:/run/user/1000/pulse/native DEEPGRAM_API_KEY=511d5f13c70f1d21cd2a8be6b8ed49fc943c54c8 RUST_LOG=info ; COMMAND=/home/andycinquin/.local/bin/voice-keyboard --language multi --model nova-2
févr. 04 03:05:21 fedora-desktop systemd[2716]: voice-keyboard.service: Main process exited, code=exited, status=1/FAILURE
févr. 04 03:05:21 fedora-desktop systemd[2716]: voice-keyboard.service: Failed with result 'exit-code'.
févr. 04 03:05:31 fedora-desktop systemd[2716]: voice-keyboard.service: Scheduled restart job, restart counter is at 9.
févr. 04 03:05:31 fedora-desktop systemd[2716]: Started voice-keyboard.service - Voice Keyboard - Speech to Text Input.
févr. 04 03:05:31 fedora-desktop sudo[309805]: andycinquin : PWD=/home/andycinquin ; USER=root ; ENV=XDG_RUNTIME_DIR=/run/user/1000 PULSE_SERVER=unix:/run/user/1000/pulse/native DEEPGRAM_API_KEY=511d5f13c70f1d21cd2a8be6b8ed49fc943c54c8 RUST_LOG=info ; COMMAND=/home/andycinquin/.local/bin/voice-keyboard --language multi --model nova-2
févr. 04 03:05:32 fedora-desktop systemd[2716]: voice-keyboard.service: Main process exited, code=exited, status=1/FAILURE
févr. 04 03:05:32 fedora-desktop systemd[2716]: voice-keyboard.service: Failed with result 'exit-code'.
févr. 04 03:05:42 fedora-desktop systemd[2716]: voice-keyboard.service: Scheduled restart job, restart counter is at 10.
févr. 04 03:05:42 fedora-desktop systemd[2716]: Started voice-keyboard.service - Voice Keyboard - Speech to Text Input.
févr. 04 03:05:42 fedora-desktop sudo[310309]: andycinquin : PWD=/home/andycinquin ; USER=root ; ENV=XDG_RUNTIME_DIR=/run/user/1000 PULSE_SERVER=unix:/run/user/1000/pulse/native DEEPGRAM_API_KEY=511d5f13c70f1d21cd2a8be6b8ed49fc943c54c8 RUST_LOG=info ; COMMAND=/home/andycinquin/.local/bin/voice-keyboard --language multi --model nova-2
févr. 04 03:05:43 fedora-desktop systemd[2716]: voice-keyboard.service: Main process exited, code=exited, status=1/FAILURE
févr. 04 03:05:43 fedora-desktop systemd[2716]: voice-keyboard.service: Failed with result 'exit-code'.
févr. 04 03:05:53 fedora-desktop systemd[2716]: voice-keyboard.service: Scheduled restart job, restart counter is at 11.
févr. 04 03:05:53 fedora-desktop systemd[2716]: Started voice-keyboard.service - Voice Keyboard - Speech to Text Input.
févr. 04 03:05:53 fedora-desktop sudo[310701]: andycinquin : PWD=/home/andycinquin ; USER=root ; ENV=XDG_RUNTIME_DIR=/run/user/1000 PULSE_SERVER=unix:/run/user/1000/pulse/native DEEPGRAM_API_KEY=511d5f13c70f1d21cd2a8be6b8ed49fc943c54c8 RUST_LOG=info ; COMMAND=/home/andycinquin/.local/bin/voice-keyboard --language multi --model nova-2
févr. 04 03:05:54 fedora-desktop systemd[2716]: voice-keyboard.service: Main process exited, code=exited, status=1/FAILURE
févr. 04 03:05:54 fedora-desktop systemd[2716]: voice-keyboard.service: Failed with result 'exit-code'.
févr. 04 03:06:04 fedora-desktop systemd[2716]: voice-keyboard.service: Scheduled restart job, restart counter is at 12.
févr. 04 03:06:04 fedora-desktop systemd[2716]: Started voice-keyboard.service - Voice Keyboard - Speech to Text Input.
févr. 04 03:06:04 fedora-desktop sudo[311152]: andycinquin : PWD=/home/andycinquin ; USER=root ; ENV=XDG_RUNTIME_DIR=/run/user/1000 PULSE_SERVER=unix:/run/user/1000/pulse/native DEEPGRAM_API_KEY=511d5f13c70f1d21cd2a8be6b8ed49fc943c54c8 RUST_LOG=info ; COMMAND=/home/andycinquin/.local/bin/voice-keyboard --language multi --model nova-2
févr. 04 03:06:05 fedora-desktop systemd[2716]: voice-keyboard.service: Main process exited, code=exited, status=1/FAILURE
févr. 04 03:06:05 fedora-desktop systemd[2716]: voice-keyboard.service: Failed with result 'exit-code'.
févr. 04 03:06:15 fedora-desktop systemd[2716]: voice-keyboard.service: Scheduled restart job, restart counter is at 13.
févr. 04 03:06:15 fedora-desktop systemd[2716]: Started voice-keyboard.service - Voice Keyboard - Speech to Text Input.
févr. 04 03:06:15 fedora-desktop sudo[311577]: andycinquin : PWD=/home/andycinquin ; USER=root ; ENV=XDG_RUNTIME_DIR=/run/user/1000 PULSE_SERVER=unix:/run/user/1000/pulse/native DEEPGRAM_API_KEY=511d5f13c70f1d21cd2a8be6b8ed49fc943c54c8 RUST_LOG=info ; COMMAND=/home/andycinquin/.local/bin/voice-keyboard --language multi --model nova-2
févr. 04 03:06:16 fedora-desktop systemd[2716]: voice-keyboard.service: Main process exited, code=exited, status=1/FAILURE
févr. 04 03:06:16 fedora-desktop systemd[2716]: voice-keyboard.service: Failed with result 'exit-code'.
févr. 04 03:06:27 fedora-desktop systemd[2716]: voice-keyboard.service: Scheduled restart job, restart counter is at 14.
févr. 04 03:06:27 fedora-desktop systemd[2716]: Started voice-keyboard.service - Voice Keyboard - Speech to Text Input.
févr. 04 03:06:27 fedora-desktop sudo[311985]: andycinquin : PWD=/home/andycinquin ; USER=root ; ENV=XDG_RUNTIME_DIR=/run/user/1000 PULSE_SERVER=unix:/run/user/1000/pulse/native DEEPGRAM_API_KEY=511d5f13c70f1d21cd2a8be6b8ed49fc943c54c8 RUST_LOG=info ; COMMAND=/home/andycinquin/.local/bin/voice-keyboard --language multi --model nova-2
févr. 04 03:06:28 fedora-desktop systemd[2716]: voice-keyboard.service: Main process exited, code=exited, status=1/FAILURE
févr. 04 03:06:28 fedora-desktop systemd[2716]: voice-keyboard.service: Failed with result 'exit-code'.
févr. 04 03:06:38 fedora-desktop systemd[2716]: voice-keyboard.service: Scheduled restart job, restart counter is at 15.
févr. 04 03:06:38 fedora-desktop systemd[2716]: Started voice-keyboard.service - Voice Keyboard - Speech to Text Input.
févr. 04 03:06:38 fedora-desktop sudo[312357]: andycinquin : PWD=/home/andycinquin ; USER=root ; ENV=XDG_RUNTIME_DIR=/run/user/1000 PULSE_SERVER=unix:/run/user/1000/pulse/native DEEPGRAM_API_KEY=511d5f13c70f1d21cd2a8be6b8ed49fc943c54c8 RUST_LOG=info ; COMMAND=/home/andycinquin/.local/bin/voice-keyboard --language multi --model nova-2
févr. 04 03:06:39 fedora-desktop systemd[2716]: voice-keyboard.service: Main process exited, code=exited, status=1/FAILURE
févr. 04 03:06:39 fedora-desktop systemd[2716]: voice-keyboard.service: Failed with result 'exit-code'.
févr. 04 03:06:49 fedora-desktop systemd[2716]: voice-keyboard.service: Scheduled restart job, restart counter is at 16.
févr. 04 03:06:49 fedora-desktop systemd[2716]: Started voice-keyboard.service - Voice Keyboard - Speech to Text Input.
févr. 04 03:06:49 fedora-desktop sudo[312780]: andycinquin : PWD=/home/andycinquin ; USER=root ; ENV=XDG_RUNTIME_DIR=/run/user/1000 PULSE_SERVER=unix:/run/user/1000/pulse/native DEEPGRAM_API_KEY=511d5f13c70f1d21cd2a8be6b8ed49fc943c54c8 RUST_LOG=info ; COMMAND=/home/andycinquin/.local/bin/voice-keyboard --language multi --model nova-2
févr. 04 03:06:50 fedora-desktop systemd[2716]: voice-keyboard.service: Main process exited, code=exited, status=1/FAILURE
févr. 04 03:06:50 fedora-desktop systemd[2716]: voice-keyboard.service: Failed with result 'exit-code'.
févr. 04 03:07:00 fedora-desktop systemd[2716]: voice-keyboard.service: Scheduled restart job, restart counter is at 17.
févr. 04 03:07:00 fedora-desktop systemd[2716]: Started voice-keyboard.service - Voice Keyboard - Speech to Text Input.
févr. 04 03:07:00 fedora-desktop sudo[313216]: andycinquin : PWD=/home/andycinquin ; USER=root ; ENV=XDG_RUNTIME_DIR=/run/user/1000 PULSE_SERVER=unix:/run/user/1000/pulse/native DEEPGRAM_API_KEY=511d5f13c70f1d21cd2a8be6b8ed49fc943c54c8 RUST_LOG=info ; COMMAND=/home/andycinquin/.local/bin/voice-keyboard --language multi --model nova-2
févr. 04 03:07:01 fedora-desktop systemd[2716]: voice-keyboard.service: Main process exited, code=exited, status=1/FAILURE
févr. 04 03:07:01 fedora-desktop systemd[2716]: voice-keyboard.service: Failed with result 'exit-code'.
févr. 04 03:07:11 fedora-desktop systemd[2716]: voice-keyboard.service: Scheduled restart job, restart counter is at 18.
févr. 04 03:07:11 fedora-desktop systemd[2716]: Started voice-keyboard.service - Voice Keyboard - Speech to Text Input.
févr. 04 03:07:11 fedora-desktop sudo[313665]: andycinquin : PWD=/home/andycinquin ; USER=root ; ENV=XDG_RUNTIME_DIR=/run/user/1000 PULSE_SERVER=unix:/run/user/1000/pulse/native DEEPGRAM_API_KEY=511d5f13c70f1d21cd2a8be6b8ed49fc943c54c8 RUST_LOG=info ; COMMAND=/home/andycinquin/.local/bin/voice-keyboard --language multi --model nova-2
févr. 04 03:07:12 fedora-desktop systemd[2716]: voice-keyboard.service: Main process exited, code=exited, status=1/FAILURE
févr. 04 03:07:12 fedora-desktop systemd[2716]: voice-keyboard.service: Failed with result 'exit-code'.
févr. 04 03:07:22 fedora-desktop systemd[2716]: voice-keyboard.service: Scheduled restart job, restart counter is at 19.
févr. 04 03:07:22 fedora-desktop systemd[2716]: Started voice-keyboard.service - Voice Keyboard - Speech to Text Input.
févr. 04 03:07:22 fedora-desktop sudo[314032]: andycinquin : PWD=/home/andycinquin ; USER=root ; ENV=XDG_RUNTIME_DIR=/run/user/1000 PULSE_SERVER=unix:/run/user/1000/pulse/native DEEPGRAM_API_KEY=511d5f13c70f1d21cd2a8be6b8ed49fc943c54c8 RUST_LOG=info ; COMMAND=/home/andycinquin/.local/bin/voice-keyboard --language multi --model nova-2
févr. 04 03:07:23 fedora-desktop systemd[2716]: voice-keyboard.service: Main process exited, code=exited, status=1/FAILURE
févr. 04 03:07:23 fedora-desktop systemd[2716]: voice-keyboard.service: Failed with result 'exit-code'.
févr. 04 03:07:34 fedora-desktop systemd[2716]: voice-keyboard.service: Scheduled restart job, restart counter is at 20.
févr. 04 03:07:34 fedora-desktop systemd[2716]: Started voice-keyboard.service - Voice Keyboard - Speech to Text Input.
févr. 04 03:07:34 fedora-desktop sudo[314487]: andycinquin : PWD=/home/andycinquin ; USER=root ; ENV=XDG_RUNTIME_DIR=/run/user/1000 PULSE_SERVER=unix:/run/user/1000/pulse/native DEEPGRAM_API_KEY=511d5f13c70f1d21cd2a8be6b8ed49fc943c54c8 RUST_LOG=info ; COMMAND=/home/andycinquin/.local/bin/voice-keyboard --language multi --model nova-2
févr. 04 03:07:35 fedora-desktop systemd[2716]: voice-keyboard.service: Main process exited, code=exited, status=1/FAILURE
févr. 04 03:07:35 fedora-desktop systemd[2716]: voice-keyboard.service: Failed with result 'exit-code'.
févr. 04 03:07:45 fedora-desktop systemd[2716]: voice-keyboard.service: Scheduled restart job, restart counter is at 21.
févr. 04 03:07:45 fedora-desktop systemd[2716]: Started voice-keyboard.service - Voice Keyboard - Speech to Text Input.
févr. 04 03:07:45 fedora-desktop sudo[314961]: andycinquin : PWD=/home/andycinquin ; USER=root ; ENV=XDG_RUNTIME_DIR=/run/user/1000 PULSE_SERVER=unix:/run/user/1000/pulse/native DEEPGRAM_API_KEY=511d5f13c70f1d21cd2a8be6b8ed49fc943c54c8 RUST_LOG=info ; COMMAND=/home/andycinquin/.local/bin/voice-keyboard --language multi --model nova-2
févr. 04 03:07:46 fedora-desktop systemd[2716]: voice-keyboard.service: Main process exited, code=exited, status=1/FAILURE
févr. 04 03:07:46 fedora-desktop systemd[2716]: voice-keyboard.service: Failed with result 'exit-code'.
févr. 04 03:07:56 fedora-desktop systemd[2716]: voice-keyboard.service: Scheduled restart job, restart counter is at 22.
févr. 04 03:07:56 fedora-desktop systemd[2716]: Started voice-keyboard.service - Voice Keyboard - Speech to Text Input.
févr. 04 03:07:56 fedora-desktop sudo[315430]: andycinquin : PWD=/home/andycinquin ; USER=root ; ENV=XDG_RUNTIME_DIR=/run/user/1000 PULSE_SERVER=unix:/run/user/1000/pulse/native DEEPGRAM_API_KEY=511d5f13c70f1d21cd2a8be6b8ed49fc943c54c8 RUST_LOG=info ; COMMAND=/home/andycinquin/.local/bin/voice-keyboard --language multi --model nova-2
févr. 04 03:07:57 fedora-desktop systemd[2716]: voice-keyboard.service: Main process exited, code=exited, status=1/FAILURE
févr. 04 03:07:57 fedora-desktop systemd[2716]: voice-keyboard.service: Failed with result 'exit-code'.
févr. 04 03:08:07 fedora-desktop systemd[2716]: voice-keyboard.service: Scheduled restart job, restart counter is at 23.
févr. 04 03:08:07 fedora-desktop systemd[2716]: Started voice-keyboard.service - Voice Keyboard - Speech to Text Input.
févr. 04 03:08:07 fedora-desktop sudo[316156]: andycinquin : PWD=/home/andycinquin ; USER=root ; ENV=XDG_RUNTIME_DIR=/run/user/1000 PULSE_SERVER=unix:/run/user/1000/pulse/native DEEPGRAM_API_KEY=511d5f13c70f1d21cd2a8be6b8ed49fc943c54c8 RUST_LOG=info ; COMMAND=/home/andycinquin/.local/bin/voice-keyboard --language multi --model nova-2
févr. 04 03:08:08 fedora-desktop systemd[2716]: voice-keyboard.service: Main process exited, code=exited, status=1/FAILURE
févr. 04 03:08:08 fedora-desktop systemd[2716]: voice-keyboard.service: Failed with result 'exit-code'.
févr. 04 03:08:18 fedora-desktop systemd[2716]: voice-keyboard.service: Scheduled restart job, restart counter is at 24.
févr. 04 03:08:18 fedora-desktop systemd[2716]: Started voice-keyboard.service - Voice Keyboard - Speech to Text Input.
févr. 04 03:08:18 fedora-desktop sudo[316530]: andycinquin : PWD=/home/andycinquin ; USER=root ; ENV=XDG_RUNTIME_DIR=/run/user/1000 PULSE_SERVER=unix:/run/user/1000/pulse/native DEEPGRAM_API_KEY=511d5f13c70f1d21cd2a8be6b8ed49fc943c54c8 RUST_LOG=info ; COMMAND=/home/andycinquin/.local/bin/voice-keyboard --language multi --model nova-2
févr. 04 03:08:19 fedora-desktop systemd[2716]: voice-keyboard.service: Main process exited, code=exited, status=1/FAILURE
févr. 04 03:08:19 fedora-desktop systemd[2716]: voice-keyboard.service: Failed with result 'exit-code'.
● voice-keyboard.service - Voice Keyboard - Speech to Text Input
     Loaded: loaded (/home/andycinquin/.config/systemd/user/voice-keyboard.service; enabled; preset: disabled)
    Drop-In: /usr/lib/systemd/user/service.d
             └─10-timeout-abort.conf
     Active: activating (auto-restart) (Result: exit-code) since Wed 2026-02-04 03:08:19 CET; 5s ago
 Invocation: e003dc83a0494ef18ba24d263b1179bd
       Docs: https://github.com/deepgram/voice-keyboard-linux
    Process: 316530 ExecStart=/bin/bash -c XDG_RUNTIME_DIR=${XDG_RUNTIME_DIR} exec /home/andycinquin/.local/bin/voice-keyboard-wrapper (code=exited, status=1/FAILURE)
   Main PID: 316530 (code=exited, status=1/FAILURE)
   Mem peak: 2.7M
        CPU: 16ms
