févr. 04 03:23:05 fedora-desktop systemd[2716]: voice-keyboard.service: Scheduled restart job, restart counter is at 68.
févr. 04 03:23:05 fedora-desktop systemd[2716]: Started voice-keyboard.service - Voice Keyboard - Speech to Text Input.
févr. 04 03:23:05 fedora-desktop sudo[349008]: andycinquin : PWD=/home/andycinquin ; USER=root ; ENV=XDG_RUNTIME_DIR=/run/user/1000 PULSE_SERVER=unix:/run/user/1000/pulse/native DEEPGRAM_API_KEY=511d5f13c70f1d21cd2a8be6b8ed49fc943c54c8 RUST_LOG=info ; COMMAND=/home/andycinquin/.local/bin/voice-keyboard --language multi --model general
févr. 04 03:23:06 fedora-desktop systemd[2716]: voice-keyboard.service: Main process exited, code=exited, status=1/FAILURE
févr. 04 03:23:06 fedora-desktop systemd[2716]: voice-keyboard.service: Failed with result 'exit-code'.
févr. 04 03:23:16 fedora-desktop systemd[2716]: voice-keyboard.service: Scheduled restart job, restart counter is at 69.
févr. 04 03:23:16 fedora-desktop systemd[2716]: Started voice-keyboard.service - Voice Keyboard - Speech to Text Input.
févr. 04 03:23:16 fedora-desktop sudo[349339]: andycinquin : PWD=/home/andycinquin ; USER=root ; ENV=XDG_RUNTIME_DIR=/run/user/1000 PULSE_SERVER=unix:/run/user/1000/pulse/native DEEPGRAM_API_KEY=511d5f13c70f1d21cd2a8be6b8ed49fc943c54c8 RUST_LOG=info ; COMMAND=/home/andycinquin/.local/bin/voice-keyboard --language multi --model general
févr. 04 03:23:17 fedora-desktop systemd[2716]: voice-keyboard.service: Main process exited, code=exited, status=1/FAILURE
févr. 04 03:23:17 fedora-desktop systemd[2716]: voice-keyboard.service: Failed with result 'exit-code'.
févr. 04 03:23:27 fedora-desktop systemd[2716]: voice-keyboard.service: Scheduled restart job, restart counter is at 70.
févr. 04 03:23:27 fedora-desktop systemd[2716]: Started voice-keyboard.service - Voice Keyboard - Speech to Text Input.
févr. 04 03:23:27 fedora-desktop sudo[349722]: andycinquin : PWD=/home/andycinquin ; USER=root ; ENV=XDG_RUNTIME_DIR=/run/user/1000 PULSE_SERVER=unix:/run/user/1000/pulse/native DEEPGRAM_API_KEY=511d5f13c70f1d21cd2a8be6b8ed49fc943c54c8 RUST_LOG=info ; COMMAND=/home/andycinquin/.local/bin/voice-keyboard --language multi --model general
févr. 04 03:23:28 fedora-desktop systemd[2716]: voice-keyboard.service: Main process exited, code=exited, status=1/FAILURE
févr. 04 03:23:28 fedora-desktop systemd[2716]: voice-keyboard.service: Failed with result 'exit-code'.
févr. 04 03:23:38 fedora-desktop systemd[2716]: voice-keyboard.service: Scheduled restart job, restart counter is at 71.
févr. 04 03:23:38 fedora-desktop systemd[2716]: Started voice-keyboard.service - Voice Keyboard - Speech to Text Input.
févr. 04 03:23:38 fedora-desktop sudo[350086]: andycinquin : PWD=/home/andycinquin ; USER=root ; ENV=XDG_RUNTIME_DIR=/run/user/1000 PULSE_SERVER=unix:/run/user/1000/pulse/native DEEPGRAM_API_KEY=511d5f13c70f1d21cd2a8be6b8ed49fc943c54c8 RUST_LOG=info ; COMMAND=/home/andycinquin/.local/bin/voice-keyboard --language multi --model general
févr. 04 03:23:38 fedora-desktop systemd[2716]: voice-keyboard.service: Main process exited, code=exited, status=1/FAILURE
févr. 04 03:23:38 fedora-desktop systemd[2716]: voice-keyboard.service: Failed with result 'exit-code'.
févr. 04 03:23:48 fedora-desktop systemd[2716]: voice-keyboard.service: Scheduled restart job, restart counter is at 72.
févr. 04 03:23:48 fedora-desktop systemd[2716]: Started voice-keyboard.service - Voice Keyboard - Speech to Text Input.
févr. 04 03:23:48 fedora-desktop sudo[350429]: andycinquin : PWD=/home/andycinquin ; USER=root ; ENV=XDG_RUNTIME_DIR=/run/user/1000 PULSE_SERVER=unix:/run/user/1000/pulse/native DEEPGRAM_API_KEY=511d5f13c70f1d21cd2a8be6b8ed49fc943c54c8 RUST_LOG=info ; COMMAND=/home/andycinquin/.local/bin/voice-keyboard --language multi --model general
févr. 04 03:23:49 fedora-desktop systemd[2716]: voice-keyboard.service: Main process exited, code=exited, status=1/FAILURE
févr. 04 03:23:49 fedora-desktop systemd[2716]: voice-keyboard.service: Failed with result 'exit-code'.
févr. 04 03:23:59 fedora-desktop systemd[2716]: voice-keyboard.service: Scheduled restart job, restart counter is at 73.
févr. 04 03:23:59 fedora-desktop systemd[2716]: Started voice-keyboard.service - Voice Keyboard - Speech to Text Input.
févr. 04 03:23:59 fedora-desktop sudo[350864]: andycinquin : PWD=/home/andycinquin ; USER=root ; ENV=XDG_RUNTIME_DIR=/run/user/1000 PULSE_SERVER=unix:/run/user/1000/pulse/native DEEPGRAM_API_KEY=511d5f13c70f1d21cd2a8be6b8ed49fc943c54c8 RUST_LOG=info ; COMMAND=/home/andycinquin/.local/bin/voice-keyboard --language multi --model general
févr. 04 03:24:00 fedora-desktop systemd[2716]: voice-keyboard.service: Main process exited, code=exited, status=1/FAILURE
févr. 04 03:24:00 fedora-desktop systemd[2716]: voice-keyboard.service: Failed with result 'exit-code'.
févr. 04 03:24:10 fedora-desktop systemd[2716]: voice-keyboard.service: Scheduled restart job, restart counter is at 74.
févr. 04 03:24:10 fedora-desktop systemd[2716]: Started voice-keyboard.service - Voice Keyboard - Speech to Text Input.
févr. 04 03:24:10 fedora-desktop sudo[351258]: andycinquin : PWD=/home/andycinquin ; USER=root ; ENV=XDG_RUNTIME_DIR=/run/user/1000 PULSE_SERVER=unix:/run/user/1000/pulse/native DEEPGRAM_API_KEY=511d5f13c70f1d21cd2a8be6b8ed49fc943c54c8 RUST_LOG=info ; COMMAND=/home/andycinquin/.local/bin/voice-keyboard --language multi --model general
févr. 04 03:24:11 fedora-desktop systemd[2716]: voice-keyboard.service: Main process exited, code=exited, status=1/FAILURE
févr. 04 03:24:11 fedora-desktop systemd[2716]: voice-keyboard.service: Failed with result 'exit-code'.
févr. 04 03:24:21 fedora-desktop systemd[2716]: voice-keyboard.service: Scheduled restart job, restart counter is at 75.
févr. 04 03:24:21 fedora-desktop systemd[2716]: Started voice-keyboard.service - Voice Keyboard - Speech to Text Input.
févr. 04 03:24:21 fedora-desktop sudo[351621]: andycinquin : PWD=/home/andycinquin ; USER=root ; ENV=XDG_RUNTIME_DIR=/run/user/1000 PULSE_SERVER=unix:/run/user/1000/pulse/native DEEPGRAM_API_KEY=511d5f13c70f1d21cd2a8be6b8ed49fc943c54c8 RUST_LOG=info ; COMMAND=/home/andycinquin/.local/bin/voice-keyboard --language multi --model general
févr. 04 03:24:22 fedora-desktop systemd[2716]: voice-keyboard.service: Main process exited, code=exited, status=1/FAILURE
févr. 04 03:24:22 fedora-desktop systemd[2716]: voice-keyboard.service: Failed with result 'exit-code'.
févr. 04 03:24:32 fedora-desktop systemd[2716]: voice-keyboard.service: Scheduled restart job, restart counter is at 76.
févr. 04 03:24:32 fedora-desktop systemd[2716]: Started voice-keyboard.service - Voice Keyboard - Speech to Text Input.
févr. 04 03:24:32 fedora-desktop sudo[351985]: andycinquin : PWD=/home/andycinquin ; USER=root ; ENV=XDG_RUNTIME_DIR=/run/user/1000 PULSE_SERVER=unix:/run/user/1000/pulse/native DEEPGRAM_API_KEY=511d5f13c70f1d21cd2a8be6b8ed49fc943c54c8 RUST_LOG=info ; COMMAND=/home/andycinquin/.local/bin/voice-keyboard --language multi --model general
févr. 04 03:24:32 fedora-desktop systemd[2716]: voice-keyboard.service: Main process exited, code=exited, status=1/FAILURE
févr. 04 03:24:32 fedora-desktop systemd[2716]: voice-keyboard.service: Failed with result 'exit-code'.
févr. 04 03:24:43 fedora-desktop systemd[2716]: voice-keyboard.service: Scheduled restart job, restart counter is at 77.
févr. 04 03:24:43 fedora-desktop systemd[2716]: Started voice-keyboard.service - Voice Keyboard - Speech to Text Input.
févr. 04 03:24:43 fedora-desktop sudo[352352]: andycinquin : PWD=/home/andycinquin ; USER=root ; ENV=XDG_RUNTIME_DIR=/run/user/1000 PULSE_SERVER=unix:/run/user/1000/pulse/native DEEPGRAM_API_KEY=511d5f13c70f1d21cd2a8be6b8ed49fc943c54c8 RUST_LOG=info ; COMMAND=/home/andycinquin/.local/bin/voice-keyboard --language multi --model general
févr. 04 03:24:44 fedora-desktop systemd[2716]: voice-keyboard.service: Main process exited, code=exited, status=1/FAILURE
févr. 04 03:24:44 fedora-desktop systemd[2716]: voice-keyboard.service: Failed with result 'exit-code'.
● voice-keyboard.service - Voice Keyboard - Speech to Text Input
     Loaded: loaded (/home/andycinquin/.config/systemd/user/voice-keyboard.service; enabled; preset: disabled)
    Drop-In: /usr/lib/systemd/user/service.d
             └─10-timeout-abort.conf
     Active: activating (auto-restart) (Result: exit-code) since Wed 2026-02-04 03:24:44 CET; 8s ago
 Invocation: 4468d5fa53e7491898118f0776ca1ab0
       Docs: https://github.com/deepgram/voice-keyboard-linux
    Process: 352352 ExecStart=/bin/bash -c XDG_RUNTIME_DIR=${XDG_RUNTIME_DIR} exec /home/andycinquin/.local/bin/voice-keyboard-wrapper (code=exited, status=1/FAILURE)
   Main PID: 352352 (code=exited, status=1/FAILURE)
   Mem peak: 2.3M
        CPU: 15ms

févr. 04 03:24:44 fedora-desktop systemd[2716]: voice-keyboard.service: Main process exited, code=exited, status=1/FAILURE
févr. 04 03:24:44 fedora-desktop systemd[2716]: voice-keyboard.service: Failed with result 'exit-code'.
