févr. 04 03:26:13 fedora-desktop systemd[2716]: voice-keyboard.service: Main process exited, code=exited, status=1/FAILURE
févr. 04 03:26:13 fedora-desktop systemd[2716]: voice-keyboard.service: Failed with result 'exit-code'.
févr. 04 03:26:23 fedora-desktop systemd[2716]: voice-keyboard.service: Scheduled restart job, restart counter is at 86.
févr. 04 03:26:23 fedora-desktop systemd[2716]: Started voice-keyboard.service - Voice Keyboard - Speech to Text Input.
févr. 04 03:26:23 fedora-desktop sudo[356457]: andycinquin : PWD=/home/andycinquin ; USER=root ; ENV=XDG_RUNTIME_DIR=/run/user/1000 PULSE_SERVER=unix:/run/user/1000/pulse/native DEEPGRAM_API_KEY=511d5f13c70f1d21cd2a8be6b8ed49fc943c54c8 RUST_LOG=info ; COMMAND=/home/andycinquin/.local/bin/voice-keyboard
févr. 04 03:26:24 fedora-desktop systemd[2716]: voice-keyboard.service: Main process exited, code=exited, status=1/FAILURE
févr. 04 03:26:24 fedora-desktop systemd[2716]: voice-keyboard.service: Failed with result 'exit-code'.
févr. 04 03:26:34 fedora-desktop systemd[2716]: voice-keyboard.service: Scheduled restart job, restart counter is at 87.
févr. 04 03:26:34 fedora-desktop systemd[2716]: Started voice-keyboard.service - Voice Keyboard - Speech to Text Input.
févr. 04 03:26:34 fedora-desktop sudo[356849]: andycinquin : PWD=/home/andycinquin ; USER=root ; ENV=XDG_RUNTIME_DIR=/run/user/1000 PULSE_SERVER=unix:/run/user/1000/pulse/native DEEPGRAM_API_KEY=511d5f13c70f1d21cd2a8be6b8ed49fc943c54c8 RUST_LOG=info ; COMMAND=/home/andycinquin/.local/bin/voice-keyboard
févr. 04 03:26:35 fedora-desktop systemd[2716]: voice-keyboard.service: Main process exited, code=exited, status=1/FAILURE
févr. 04 03:26:35 fedora-desktop systemd[2716]: voice-keyboard.service: Failed with result 'exit-code'.
févr. 04 03:26:46 fedora-desktop systemd[2716]: voice-keyboard.service: Scheduled restart job, restart counter is at 88.
févr. 04 03:26:46 fedora-desktop systemd[2716]: Started voice-keyboard.service - Voice Keyboard - Speech to Text Input.
févr. 04 03:26:46 fedora-desktop sudo[357286]: andycinquin : PWD=/home/andycinquin ; USER=root ; ENV=XDG_RUNTIME_DIR=/run/user/1000 PULSE_SERVER=unix:/run/user/1000/pulse/native DEEPGRAM_API_KEY=511d5f13c70f1d21cd2a8be6b8ed49fc943c54c8 RUST_LOG=info ; COMMAND=/home/andycinquin/.local/bin/voice-keyboard
févr. 04 03:26:46 fedora-desktop systemd[2716]: voice-keyboard.service: Main process exited, code=exited, status=1/FAILURE
févr. 04 03:26:46 fedora-desktop systemd[2716]: voice-keyboard.service: Failed with result 'exit-code'.
févr. 04 03:26:57 fedora-desktop systemd[2716]: voice-keyboard.service: Scheduled restart job, restart counter is at 89.
févr. 04 03:26:57 fedora-desktop systemd[2716]: Started voice-keyboard.service - Voice Keyboard - Speech to Text Input.
févr. 04 03:26:57 fedora-desktop sudo[357717]: andycinquin : PWD=/home/andycinquin ; USER=root ; ENV=XDG_RUNTIME_DIR=/run/user/1000 PULSE_SERVER=unix:/run/user/1000/pulse/native DEEPGRAM_API_KEY=511d5f13c70f1d21cd2a8be6b8ed49fc943c54c8 RUST_LOG=info ; COMMAND=/home/andycinquin/.local/bin/voice-keyboard
févr. 04 03:26:58 fedora-desktop systemd[2716]: voice-keyboard.service: Main process exited, code=exited, status=1/FAILURE
févr. 04 03:26:58 fedora-desktop systemd[2716]: voice-keyboard.service: Failed with result 'exit-code'.
févr. 04 03:27:08 fedora-desktop systemd[2716]: voice-keyboard.service: Scheduled restart job, restart counter is at 90.
févr. 04 03:27:08 fedora-desktop systemd[2716]: Started voice-keyboard.service - Voice Keyboard - Speech to Text Input.
févr. 04 03:27:08 fedora-desktop sudo[358143]: andycinquin : PWD=/home/andycinquin ; USER=root ; ENV=XDG_RUNTIME_DIR=/run/user/1000 PULSE_SERVER=unix:/run/user/1000/pulse/native DEEPGRAM_API_KEY=511d5f13c70f1d21cd2a8be6b8ed49fc943c54c8 RUST_LOG=info ; COMMAND=/home/andycinquin/.local/bin/voice-keyboard
févr. 04 03:27:09 fedora-desktop systemd[2716]: voice-keyboard.service: Main process exited, code=exited, status=1/FAILURE
févr. 04 03:27:09 fedora-desktop systemd[2716]: voice-keyboard.service: Failed with result 'exit-code'.
févr. 04 03:27:19 fedora-desktop systemd[2716]: voice-keyboard.service: Scheduled restart job, restart counter is at 91.
févr. 04 03:27:19 fedora-desktop systemd[2716]: Started voice-keyboard.service - Voice Keyboard - Speech to Text Input.
févr. 04 03:27:19 fedora-desktop sudo[358550]: andycinquin : PWD=/home/andycinquin ; USER=root ; ENV=XDG_RUNTIME_DIR=/run/user/1000 PULSE_SERVER=unix:/run/user/1000/pulse/native DEEPGRAM_API_KEY=511d5f13c70f1d21cd2a8be6b8ed49fc943c54c8 RUST_LOG=info ; COMMAND=/home/andycinquin/.local/bin/voice-keyboard
févr. 04 03:27:20 fedora-desktop systemd[2716]: voice-keyboard.service: Main process exited, code=exited, status=1/FAILURE
févr. 04 03:27:20 fedora-desktop systemd[2716]: voice-keyboard.service: Failed with result 'exit-code'.
févr. 04 03:27:30 fedora-desktop systemd[2716]: voice-keyboard.service: Scheduled restart job, restart counter is at 92.
févr. 04 03:27:30 fedora-desktop systemd[2716]: Started voice-keyboard.service - Voice Keyboard - Speech to Text Input.
févr. 04 03:27:30 fedora-desktop sudo[359048]: andycinquin : PWD=/home/andycinquin ; USER=root ; ENV=XDG_RUNTIME_DIR=/run/user/1000 PULSE_SERVER=unix:/run/user/1000/pulse/native DEEPGRAM_API_KEY=511d5f13c70f1d21cd2a8be6b8ed49fc943c54c8 RUST_LOG=info ; COMMAND=/home/andycinquin/.local/bin/voice-keyboard
févr. 04 03:27:31 fedora-desktop systemd[2716]: voice-keyboard.service: Main process exited, code=exited, status=1/FAILURE
févr. 04 03:27:31 fedora-desktop systemd[2716]: voice-keyboard.service: Failed with result 'exit-code'.
févr. 04 03:27:41 fedora-desktop systemd[2716]: voice-keyboard.service: Scheduled restart job, restart counter is at 93.
févr. 04 03:27:41 fedora-desktop systemd[2716]: Started voice-keyboard.service - Voice Keyboard - Speech to Text Input.
févr. 04 03:27:41 fedora-desktop sudo[359484]: andycinquin : PWD=/home/andycinquin ; USER=root ; ENV=XDG_RUNTIME_DIR=/run/user/1000 PULSE_SERVER=unix:/run/user/1000/pulse/native DEEPGRAM_API_KEY=511d5f13c70f1d21cd2a8be6b8ed49fc943c54c8 RUST_LOG=info ; COMMAND=/home/andycinquin/.local/bin/voice-keyboard
févr. 04 03:27:42 fedora-desktop systemd[2716]: voice-keyboard.service: Main process exited, code=exited, status=1/FAILURE
févr. 04 03:27:42 fedora-desktop systemd[2716]: voice-keyboard.service: Failed with result 'exit-code'.
févr. 04 03:27:52 fedora-desktop systemd[2716]: voice-keyboard.service: Scheduled restart job, restart counter is at 94.
févr. 04 03:27:52 fedora-desktop systemd[2716]: Started voice-keyboard.service - Voice Keyboard - Speech to Text Input.
févr. 04 03:27:52 fedora-desktop systemd[2716]: Stopping voice-keyboard.service - Voice Keyboard - Speech to Text Input...
févr. 04 03:27:52 fedora-desktop systemd[2716]: Stopped voice-keyboard.service - Voice Keyboard - Speech to Text Input.
févr. 04 03:27:52 fedora-desktop systemd[2716]: Started voice-keyboard.service - Voice Keyboard - Speech to Text Input.
févr. 04 03:27:52 fedora-desktop sudo[359900]: andycinquin : PWD=/home/andycinquin ; USER=root ; ENV=XDG_RUNTIME_DIR=/run/user/1000 PULSE_SERVER=unix:/run/user/1000/pulse/native DEEPGRAM_API_KEY=511d5f13c70f1d21cd2a8be6b8ed49fc943c54c8 RUST_LOG=info ; COMMAND=/home/andycinquin/.local/bin/voice-keyboard
févr. 04 03:27:53 fedora-desktop systemd[2716]: voice-keyboard.service: Main process exited, code=exited, status=1/FAILURE
févr. 04 03:27:53 fedora-desktop systemd[2716]: voice-keyboard.service: Failed with result 'exit-code'.
● voice-keyboard.service - Voice Keyboard - Speech to Text Input
     Loaded: loaded (/home/andycinquin/.config/systemd/user/voice-keyboard.service; enabled; preset: disabled)
    Drop-In: /usr/lib/systemd/user/service.d
             └─10-timeout-abort.conf
     Active: activating (auto-restart) (Result: exit-code) since Wed 2026-02-04 03:27:53 CET; 9s ago
 Invocation: 92192938d82c4130a6c791f7bc60f462
       Docs: https://github.com/deepgram/voice-keyboard-linux
    Process: 359900 ExecStart=/bin/bash -c XDG_RUNTIME_DIR=${XDG_RUNTIME_DIR} exec /home/andycinquin/.local/bin/voice-keyboard-wrapper (code=exited, status=1/FAILURE)
   Main PID: 359900 (code=exited, status=1/FAILURE)
   Mem peak: 3M
        CPU: 16ms
