févr. 04 03:27:41 fedora-desktop systemd[2716]: Started voice-keyboard.service - Voice Keyboard - Speech to Text Input.
févr. 04 03:27:41 fedora-desktop sudo[359484]: andycinquin : PWD=/home/andycinquin ; USER=root ; ENV=XDG_RUNTIME_DIR=/run/user/1000 PULSE_SERVER=unix:/run/user/1000/pulse/native DEEPGRAM_API_KEY=511d5f13c70f1d21cd2a8be6b8ed49fc943c54c8 RUST_LOG=info ; COMMAND=/home/andycinquin/.local/bin/voice-keyboard
févr. 04 03:27:42 fedora-desktop systemd[2716]: voice-keyboard.service: Main process exited, code=exited, status=1/FAILURE
févr. 04 03:27:42 fedora-desktop systemd[2716]: voice-keyboard.service: Failed with result 'exit-code'.
févr. 04 03:27:52 fedora-desktop systemd[2716]: voice-keyboard.service: Scheduled restart job, restart counter is at 94.
févr. 04 03:27:52 fedora-desktop systemd[2716]: Started voice-keyboard.service - Voice Keyboard - Speech to Text Input.
févr. 04 03:27:52 fedora-desktop systemd[2716]: Stopping voice-keyboard.service - Voice Keyboard - Speech to Text Input...
févr. 04 03:27:52 fedora-desktop systemd[2716]: Stopped voice-keyboard.service - Voice Keyboard - Speech to Text Input.
févr. 04 03:27:52 fedora-desktop systemd[2716]: Started voice-keyboard.service - Voice Keyboard - Speech to Text Input.
févr. 04 03:27:52 fedora-desktop sudo[359900]: andycinquin : PWD=/home/andycinquin ; USER=root ; ENV=XDG_RUNTIME_DIR=/run/user/1000 PULSE_SERVER=unix:/run/user/1000/pulse/native DEEPGRAM_API_KEY=511d5f13c70f1d21cd2a8be6b8ed49fc943c54c8 RUST_LOG=info ; COMMAND=/home/andycinquin/.local/bin/voice-keyboard
févr. 04 03:27:53 fedora-desktop systemd[2716]: voice-keyboard.service: Main process exited, code=exited, status=1/FAILURE
févr. 04 03:27:53 fedora-desktop systemd[2716]: voice-keyboard.service: Failed with result 'exit-code'.
févr. 04 03:28:04 fedora-desktop systemd[2716]: voice-keyboard.service: Scheduled restart job, restart counter is at 1.
févr. 04 03:28:04 fedora-desktop systemd[2716]: Started voice-keyboard.service - Voice Keyboard - Speech to Text Input.
févr. 04 03:28:04 fedora-desktop sudo[360444]: andycinquin : PWD=/home/andycinquin ; USER=root ; ENV=XDG_RUNTIME_DIR=/run/user/1000 PULSE_SERVER=unix:/run/user/1000/pulse/native DEEPGRAM_API_KEY=511d5f13c70f1d21cd2a8be6b8ed49fc943c54c8 RUST_LOG=info ; COMMAND=/home/andycinquin/.local/bin/voice-keyboard
févr. 04 03:28:05 fedora-desktop systemd[2716]: voice-keyboard.service: Main process exited, code=exited, status=1/FAILURE
févr. 04 03:28:05 fedora-desktop systemd[2716]: voice-keyboard.service: Failed with result 'exit-code'.
févr. 04 03:28:15 fedora-desktop systemd[2716]: voice-keyboard.service: Scheduled restart job, restart counter is at 2.
févr. 04 03:28:15 fedora-desktop systemd[2716]: Started voice-keyboard.service - Voice Keyboard - Speech to Text Input.
févr. 04 03:28:15 fedora-desktop sudo[360854]: andycinquin : PWD=/home/andycinquin ; USER=root ; ENV=XDG_RUNTIME_DIR=/run/user/1000 PULSE_SERVER=unix:/run/user/1000/pulse/native DEEPGRAM_API_KEY=511d5f13c70f1d21cd2a8be6b8ed49fc943c54c8 RUST_LOG=info ; COMMAND=/home/andycinquin/.local/bin/voice-keyboard
févr. 04 03:28:16 fedora-desktop systemd[2716]: voice-keyboard.service: Main process exited, code=exited, status=1/FAILURE
févr. 04 03:28:16 fedora-desktop systemd[2716]: voice-keyboard.service: Failed with result 'exit-code'.
févr. 04 03:28:26 fedora-desktop systemd[2716]: voice-keyboard.service: Scheduled restart job, restart counter is at 3.
févr. 04 03:28:26 fedora-desktop systemd[2716]: Started voice-keyboard.service - Voice Keyboard - Speech to Text Input.
févr. 04 03:28:26 fedora-desktop sudo[361294]: andycinquin : PWD=/home/andycinquin ; USER=root ; ENV=XDG_RUNTIME_DIR=/run/user/1000 PULSE_SERVER=unix:/run/user/1000/pulse/native DEEPGRAM_API_KEY=511d5f13c70f1d21cd2a8be6b8ed49fc943c54c8 RUST_LOG=info ; COMMAND=/home/andycinquin/.local/bin/voice-keyboard
févr. 04 03:28:27 fedora-desktop systemd[2716]: voice-keyboard.service: Main process exited, code=exited, status=1/FAILURE
févr. 04 03:28:27 fedora-desktop systemd[2716]: voice-keyboard.service: Failed with result 'exit-code'.
févr. 04 03:28:37 fedora-desktop systemd[2716]: voice-keyboard.service: Scheduled restart job, restart counter is at 4.
févr. 04 03:28:37 fedora-desktop systemd[2716]: Started voice-keyboard.service - Voice Keyboard - Speech to Text Input.
févr. 04 03:28:37 fedora-desktop sudo[361767]: andycinquin : PWD=/home/andycinquin ; USER=root ; ENV=XDG_RUNTIME_DIR=/run/user/1000 PULSE_SERVER=unix:/run/user/1000/pulse/native DEEPGRAM_API_KEY=511d5f13c70f1d21cd2a8be6b8ed49fc943c54c8 RUST_LOG=info ; COMMAND=/home/andycinquin/.local/bin/voice-keyboard
févr. 04 03:28:38 fedora-desktop systemd[2716]: voice-keyboard.service: Main process exited, code=exited, status=1/FAILURE
févr. 04 03:28:38 fedora-desktop systemd[2716]: voice-keyboard.service: Failed with result 'exit-code'.
févr. 04 03:28:48 fedora-desktop systemd[2716]: voice-keyboard.service: Scheduled restart job, restart counter is at 5.
févr. 04 03:28:48 fedora-desktop systemd[2716]: Started voice-keyboard.service - Voice Keyboard - Speech to Text Input.
févr. 04 03:28:48 fedora-desktop sudo[362136]: andycinquin : PWD=/home/andycinquin ; USER=root ; ENV=XDG_RUNTIME_DIR=/run/user/1000 PULSE_SERVER=unix:/run/user/1000/pulse/native DEEPGRAM_API_KEY=511d5f13c70f1d21cd2a8be6b8ed49fc943c54c8 RUST_LOG=info ; COMMAND=/home/andycinquin/.local/bin/voice-keyboard
févr. 04 03:28:49 fedora-desktop systemd[2716]: voice-keyboard.service: Main process exited, code=exited, status=1/FAILURE
févr. 04 03:28:49 fedora-desktop systemd[2716]: voice-keyboard.service: Failed with result 'exit-code'.
févr. 04 03:28:59 fedora-desktop systemd[2716]: voice-keyboard.service: Scheduled restart job, restart counter is at 6.
févr. 04 03:28:59 fedora-desktop systemd[2716]: Started voice-keyboard.service - Voice Keyboard - Speech to Text Input.
févr. 04 03:28:59 fedora-desktop sudo[362583]: andycinquin : PWD=/home/andycinquin ; USER=root ; ENV=XDG_RUNTIME_DIR=/run/user/1000 PULSE_SERVER=unix:/run/user/1000/pulse/native DEEPGRAM_API_KEY=511d5f13c70f1d21cd2a8be6b8ed49fc943c54c8 RUST_LOG=info ; COMMAND=/home/andycinquin/.local/bin/voice-keyboard
févr. 04 03:29:00 fedora-desktop systemd[2716]: voice-keyboard.service: Main process exited, code=exited, status=1/FAILURE
févr. 04 03:29:00 fedora-desktop systemd[2716]: voice-keyboard.service: Failed with result 'exit-code'.
févr. 04 03:29:11 fedora-desktop systemd[2716]: voice-keyboard.service: Scheduled restart job, restart counter is at 7.
févr. 04 03:29:11 fedora-desktop systemd[2716]: Started voice-keyboard.service - Voice Keyboard - Speech to Text Input.
févr. 04 03:29:11 fedora-desktop sudo[363068]: andycinquin : PWD=/home/andycinquin ; USER=root ; ENV=XDG_RUNTIME_DIR=/run/user/1000 PULSE_SERVER=unix:/run/user/1000/pulse/native DEEPGRAM_API_KEY=511d5f13c70f1d21cd2a8be6b8ed49fc943c54c8 RUST_LOG=info ; COMMAND=/home/andycinquin/.local/bin/voice-keyboard
févr. 04 03:29:12 fedora-desktop systemd[2716]: voice-keyboard.service: Main process exited, code=exited, status=1/FAILURE
févr. 04 03:29:12 fedora-desktop systemd[2716]: voice-keyboard.service: Failed with result 'exit-code'.
févr. 04 03:29:16 fedora-desktop systemd[2716]: Stopped voice-keyboard.service - Voice Keyboard - Speech to Text Input.
févr. 04 03:29:16 fedora-desktop systemd[2716]: Started voice-keyboard.service - Voice Keyboard - Speech to Text Input.
févr. 04 03:29:16 fedora-desktop sudo[363256]: andycinquin : PWD=/home/andycinquin ; USER=root ; ENV=XDG_RUNTIME_DIR=/run/user/1000 PULSE_SERVER=unix:/run/user/1000/pulse/native DEEPGRAM_API_KEY=511d5f13c70f1d21cd2a8be6b8ed49fc943c54c8 RUST_LOG=info ; COMMAND=/home/andycinquin/.local/bin/voice-keyboard
● voice-keyboard.service - Voice Keyboard - Speech to Text Input
     Loaded: loaded (/home/andycinquin/.config/systemd/user/voice-keyboard.service; enabled; preset: disabled)
    Drop-In: /usr/lib/systemd/user/service.d
             └─10-timeout-abort.conf
     Active: active (running) since Wed 2026-02-04 03:29:16 CET; 2s ago
 Invocation: 8a0065015ac34affafd809f05632d8fc
       Docs: https://github.com/deepgram/voice-keyboard-linux
   Main PID: 363256 (sudo)
      Tasks: 0 (limit: 38185)
     Memory: 1.5M (peak: 2.4M)
        CPU: 14ms
     CGroup: /user.slice/user-1000.slice/user@1000.service/app.slice/voice-keyboard.service
             ‣ 363256 sudo XDG_RUNTIME_DIR=/run/user/1000 PULSE_SERVER=unix:/run/user/1000/pulse/native DEEPGRAM_API_KEY=511d5f13c70f1d21cd2a8be6b8ed49fc943c54c8 RUST_LOG=info /home/andycinquin/.local/bin/voice-keyboard

févr. 04 03:29:16 fedora-desktop systemd[2716]: Started voice-keyboard.service - Voice Keyboard - Speech to Text Input.
févr. 04 03:29:16 fedora-desktop sudo[363256]: andycinquin : PWD=/home/andycinquin ; USER=root ; ENV=XDG_RUNTIME_DIR=/run/user/1000 PULSE_SERVER=unix:/run/user/1000/pulse/native DEEPGRAM_API_KEY=511d5f13c70f1d21cd2a8be6b8ed49fc943c54c8 RUST_LOG=info ; COMMAND=/home/andycinquin/.local/bin/voice-keyboard
