févr. 04 03:28:38 fedora-desktop systemd[2716]: voice-keyboard.service: Main process exited, code=exited, status=1/FAILURE
févr. 04 03:28:38 fedora-desktop systemd[2716]: voice-keyboard.service: Failed with result 'exit-code'.
févr. 04 03:28:48 fedora-desktop systemd[2716]: voice-keyboard.service: Scheduled restart job, restart counter is at 5.
févr. 04 03:28:48 fedora-desktop systemd[2716]: Started voice-keyboard.service - Voice Keyboard - Speech to Text Input.
févr. 04 03:28:48 fedora-desktop sudo[362136]: andycinquin : PWD=/home/andycinquin ; USER=root ; ENV=XDG_RUNTIME_DIR=/run/user/1000 PULSE_SERVER=unix:/run/user/1000/pulse/native DEEPGRAM_API_KEY=511d5f13c70f1d21cd2a8be6b8ed49fc943c54c8 RUST_LOG=info ; COMMAND=/home/andycinquin/.local/bin/voice-keyboard
févr. 04 03:28:49 fedora-desktop systemd[2716]: voice-keyboard.service: Main process exited, code=exited, status=1/FAILURE
févr. 04 03:28:49 fedora-desktop systemd[2716]: voice-keyboard.service: Failed with result 'exit-code'.
févr. 04 03:28:59 fedora-desktop systemd[2716]: voice-keyboard.service: Scheduled restart job, restart counter is at 6.
févr. 04 03:28:59 fedora-desktop systemd[2716]: Started voice-keyboard.service - Voice Keyboard - Speech to Text Input.
févr. 04 03:28:59 fedora-desktop sudo[362583]: andycinquin : PWD=/home/andycinquin ; USER=root ; ENV=XDG_RUNTIME_DIR=/run/user/1000 PULSE_SERVER=unix:/run/user/1000/pulse/native DEEPGRAM_API_KEY=511d5f13c70f1d21cd2a8be6b8ed49fc943c54c8 RUST_LOG=info ; COMMAND=/home/andycinquin/.local/bin/voice-keyboard
févr. 04 03:29:00 fedora-desktop systemd[2716]: voice-keyboard.service: Main process exited, code=exited, status=1/FAILURE
févr. 04 03:29:00 fedora-desktop systemd[2716]: voice-keyboard.service: Failed with result 'exit-code'.
févr. 04 03:29:11 fedora-desktop systemd[2716]: voice-keyboard.service: Scheduled restart job, restart counter is at 7.
févr. 04 03:29:11 fedora-desktop systemd[2716]: Started voice-keyboard.service - Voice Keyboard - Speech to Text Input.
févr. 04 03:29:11 fedora-desktop sudo[363068]: andycinquin : PWD=/home/andycinquin ; USER=root ; ENV=XDG_RUNTIME_DIR=/run/user/1000 PULSE_SERVER=unix:/run/user/1000/pulse/native DEEPGRAM_API_KEY=511d5f13c70f1d21cd2a8be6b8ed49fc943c54c8 RUST_LOG=info ; COMMAND=/home/andycinquin/.local/bin/voice-keyboard
févr. 04 03:29:12 fedora-desktop systemd[2716]: voice-keyboard.service: Main process exited, code=exited, status=1/FAILURE
févr. 04 03:29:12 fedora-desktop systemd[2716]: voice-keyboard.service: Failed with result 'exit-code'.
févr. 04 03:29:16 fedora-desktop systemd[2716]: Stopped voice-keyboard.service - Voice Keyboard - Speech to Text Input.
févr. 04 03:29:16 fedora-desktop systemd[2716]: Started voice-keyboard.service - Voice Keyboard - Speech to Text Input.
févr. 04 03:29:16 fedora-desktop sudo[363256]: andycinquin : PWD=/home/andycinquin ; USER=root ; ENV=XDG_RUNTIME_DIR=/run/user/1000 PULSE_SERVER=unix:/run/user/1000/pulse/native DEEPGRAM_API_KEY=511d5f13c70f1d21cd2a8be6b8ed49fc943c54c8 RUST_LOG=info ; COMMAND=/home/andycinquin/.local/bin/voice-keyboard
